<?xml version="1.0" encoding="UTF-8"?>
<testng-results skipped="0" failed="0" ignored="0" total="1" passed="1">
  <reporter-output>
  </reporter-output>
  <suite name="Default suite" duration-ms="67389" started-at="2019-03-21T09:54:20Z" finished-at="2019-03-21T09:55:27Z">
    <groups>
    </groups>
    <test name="Default test" duration-ms="67389" started-at="2019-03-21T09:54:20Z" finished-at="2019-03-21T09:55:27Z">
      <class name="trakeye.Irctc">
        <test-method status="PASS" signature="Ticket()[pri:0, instance:trakeye.Irctc@5f3a4b84]" name="Ticket" duration-ms="67361" started-at="2019-03-21T09:54:20Z" finished-at="2019-03-21T09:55:27Z">
          <reporter-output>
          </reporter-output>
        </test-method> <!-- Ticket -->
      </class> <!-- trakeye.Irctc -->
    </test> <!-- Default test -->
  </suite> <!-- Default suite -->
</testng-results>
